<?xml version="1.0" encoding="UTF-8"?>
<!-- Generated by org.testng.reporters.JUnitReportReporter -->
<testsuite hostname="DESKTOP-E43IBMN" failures="0" tests="1" name="com.test.GetAPITest" time="0.991" errors="0" timestamp="2021-03-05T09:57:10 IST" skipped="0">
  <testcase classname="com.test.GetAPITest" name="getAPITest" time="0.991"/>
  <system-out/>
</testsuite> <!-- com.test.GetAPITest -->
